running egg_info
writing ../../build/jazzy_bot_sim/jazzy_bot_sim.egg-info/PKG-INFO
writing dependency_links to ../../build/jazzy_bot_sim/jazzy_bot_sim.egg-info/dependency_links.txt
writing entry points to ../../build/jazzy_bot_sim/jazzy_bot_sim.egg-info/entry_points.txt
writing requirements to ../../build/jazzy_bot_sim/jazzy_bot_sim.egg-info/requires.txt
writing top-level names to ../../build/jazzy_bot_sim/jazzy_bot_sim.egg-info/top_level.txt
reading manifest file '../../build/jazzy_bot_sim/jazzy_bot_sim.egg-info/SOURCES.txt'
writing manifest file '../../build/jazzy_bot_sim/jazzy_bot_sim.egg-info/SOURCES.txt'
running build
running build_py
running install
running install_lib
running install_data
copying launch/sim_launch.py -> /home/rusaven/fsm_ws/install/jazzy_bot_sim/share/jazzy_bot_sim/launch
running install_egg_info
removing '/home/rusaven/fsm_ws/install/jazzy_bot_sim/lib/python3.12/site-packages/jazzy_bot_sim-1.0.0-py3.12.egg-info' (and everything under it)
Copying ../../build/jazzy_bot_sim/jazzy_bot_sim.egg-info to /home/rusaven/fsm_ws/install/jazzy_bot_sim/lib/python3.12/site-packages/jazzy_bot_sim-1.0.0-py3.12.egg-info
running install_scripts
Installing fsm_node script to /home/rusaven/fsm_ws/install/jazzy_bot_sim/lib/jazzy_bot_sim
writing list of installed files to '/home/rusaven/fsm_ws/build/jazzy_bot_sim/install.log'
