[0.530s] Invoking command in '/home/rusaven/fsm_ws/src/jazzy_bot_sim': CONDA_PROMPT_MODIFIER=(base) DEBUGINFOD_URLS=https://debuginfod.ubuntu.com PYTHONPATH=/home/rusaven/fsm_ws/build/jazzy_bot_sim/prefix_override:/usr/lib/python3/dist-packages/colcon_core/task/python/colcon_distutils_commands:/home/rusaven/fsm_ws/install/jazzy_bot_sim/lib/python3.12/site-packages:${PYTHONPATH} /usr/bin/python3 -W ignore:setup.py install is deprecated -W ignore:easy_install command is deprecated setup.py egg_info --egg-base ../../build/jazzy_bot_sim build --build-base /home/rusaven/fsm_ws/build/jazzy_bot_sim/build install --record /home/rusaven/fsm_ws/build/jazzy_bot_sim/install.log --single-version-externally-managed install_data
[0.831s] running egg_info
[0.831s] creating ../../build/jazzy_bot_sim/jazzy_bot_sim.egg-info
[0.840s] writing ../../build/jazzy_bot_sim/jazzy_bot_sim.egg-info/PKG-INFO
[0.840s] writing dependency_links to ../../build/jazzy_bot_sim/jazzy_bot_sim.egg-info/dependency_links.txt
[0.840s] writing entry points to ../../build/jazzy_bot_sim/jazzy_bot_sim.egg-info/entry_points.txt
[0.841s] writing requirements to ../../build/jazzy_bot_sim/jazzy_bot_sim.egg-info/requires.txt
[0.841s] writing top-level names to ../../build/jazzy_bot_sim/jazzy_bot_sim.egg-info/top_level.txt
[0.841s] writing manifest file '../../build/jazzy_bot_sim/jazzy_bot_sim.egg-info/SOURCES.txt'
[0.858s] reading manifest file '../../build/jazzy_bot_sim/jazzy_bot_sim.egg-info/SOURCES.txt'
[0.858s] writing manifest file '../../build/jazzy_bot_sim/jazzy_bot_sim.egg-info/SOURCES.txt'
[0.858s] running build
[0.859s] running build_py
[0.859s] creating /home/rusaven/fsm_ws/build/jazzy_bot_sim/build
[0.859s] creating /home/rusaven/fsm_ws/build/jazzy_bot_sim/build/lib
[0.859s] creating /home/rusaven/fsm_ws/build/jazzy_bot_sim/build/lib/jazzy_bot_sim
[0.859s] copying jazzy_bot_sim/__init__.py -> /home/rusaven/fsm_ws/build/jazzy_bot_sim/build/lib/jazzy_bot_sim
[0.859s] copying jazzy_bot_sim/fsm_node.py -> /home/rusaven/fsm_ws/build/jazzy_bot_sim/build/lib/jazzy_bot_sim
[0.859s] running install
[0.862s] running install_lib
[0.871s] creating /home/rusaven/fsm_ws/install/jazzy_bot_sim/lib/python3.12/site-packages/jazzy_bot_sim
[0.871s] copying /home/rusaven/fsm_ws/build/jazzy_bot_sim/build/lib/jazzy_bot_sim/__init__.py -> /home/rusaven/fsm_ws/install/jazzy_bot_sim/lib/python3.12/site-packages/jazzy_bot_sim
[0.871s] copying /home/rusaven/fsm_ws/build/jazzy_bot_sim/build/lib/jazzy_bot_sim/fsm_node.py -> /home/rusaven/fsm_ws/install/jazzy_bot_sim/lib/python3.12/site-packages/jazzy_bot_sim
[0.871s] byte-compiling /home/rusaven/fsm_ws/install/jazzy_bot_sim/lib/python3.12/site-packages/jazzy_bot_sim/__init__.py to __init__.cpython-312.pyc
[0.871s] byte-compiling /home/rusaven/fsm_ws/install/jazzy_bot_sim/lib/python3.12/site-packages/jazzy_bot_sim/fsm_node.py to fsm_node.cpython-312.pyc
[0.872s] running install_data
[0.872s] creating /home/rusaven/fsm_ws/install/jazzy_bot_sim/share/ament_index
[0.872s] creating /home/rusaven/fsm_ws/install/jazzy_bot_sim/share/ament_index/resource_index
[0.872s] creating /home/rusaven/fsm_ws/install/jazzy_bot_sim/share/ament_index/resource_index/packages
[0.872s] copying resource/jazzy_bot_sim -> /home/rusaven/fsm_ws/install/jazzy_bot_sim/share/ament_index/resource_index/packages
[0.872s] copying package.xml -> /home/rusaven/fsm_ws/install/jazzy_bot_sim/share/jazzy_bot_sim
[0.873s] creating /home/rusaven/fsm_ws/install/jazzy_bot_sim/share/jazzy_bot_sim/launch
[0.873s] copying launch/sim_launch.py -> /home/rusaven/fsm_ws/install/jazzy_bot_sim/share/jazzy_bot_sim/launch
[0.873s] creating /home/rusaven/fsm_ws/install/jazzy_bot_sim/share/jazzy_bot_sim/urdf
[0.873s] copying urdf/jazzy_bot.urdf.xacro -> /home/rusaven/fsm_ws/install/jazzy_bot_sim/share/jazzy_bot_sim/urdf
[0.873s] creating /home/rusaven/fsm_ws/install/jazzy_bot_sim/share/jazzy_bot_sim/worlds
[0.873s] copying worlds/empty.sdf -> /home/rusaven/fsm_ws/install/jazzy_bot_sim/share/jazzy_bot_sim/worlds
[0.873s] running install_egg_info
[0.882s] Copying ../../build/jazzy_bot_sim/jazzy_bot_sim.egg-info to /home/rusaven/fsm_ws/install/jazzy_bot_sim/lib/python3.12/site-packages/jazzy_bot_sim-0.0.1-py3.12.egg-info
[0.882s] running install_scripts
[0.986s] Installing fsm_node script to /home/rusaven/fsm_ws/install/jazzy_bot_sim/lib/jazzy_bot_sim
[0.986s] writing list of installed files to '/home/rusaven/fsm_ws/build/jazzy_bot_sim/install.log'
[1.022s] Invoked command in '/home/rusaven/fsm_ws/src/jazzy_bot_sim' returned '0': CONDA_PROMPT_MODIFIER=(base) DEBUGINFOD_URLS=https://debuginfod.ubuntu.com PYTHONPATH=/home/rusaven/fsm_ws/build/jazzy_bot_sim/prefix_override:/usr/lib/python3/dist-packages/colcon_core/task/python/colcon_distutils_commands:/home/rusaven/fsm_ws/install/jazzy_bot_sim/lib/python3.12/site-packages:${PYTHONPATH} /usr/bin/python3 -W ignore:setup.py install is deprecated -W ignore:easy_install command is deprecated setup.py egg_info --egg-base ../../build/jazzy_bot_sim build --build-base /home/rusaven/fsm_ws/build/jazzy_bot_sim/build install --record /home/rusaven/fsm_ws/build/jazzy_bot_sim/install.log --single-version-externally-managed install_data
